#
# There is insufficient memory for the Java Runtime Environment to continue.
# Native memory allocation (malloc) failed to allocate 541216 bytes for Chunk::new
# Possible reasons:
#   The system is out of physical RAM or swap space
#   The process is running with CompressedOops enabled, and the Java Heap may be blocking the growth of the native heap
# Possible solutions:
#   Reduce memory load on the system
#   Increase physical memory or swap space
#   Check if swap backing store is full
#   Decrease Java heap size (-Xmx/-Xms)
#   Decrease number of Java threads
#   Decrease Java thread stack sizes (-Xss)
#   Set larger code cache with -XX:ReservedCodeCacheSize=
#   JVM is running with Unscaled Compressed Oops mode in which the Java heap is
#     placed in the first 4GB address space. The Java Heap base address is the
#     maximum limit for the native heap growth. Please use -XX:HeapBaseMinAddress
#     to set the Java Heap base and to place the Java Heap above 4GB virtual address.
# This output file may be truncated or incomplete.
#
#  Out of Memory Error (arena.cpp:191), pid=7348, tid=9420
#
# JRE version: OpenJDK Runtime Environment Temurin-17.0.10+7 (17.0.10+7) (build 17.0.10+7)
# Java VM: OpenJDK 64-Bit Server VM Temurin-17.0.10+7 (17.0.10+7, mixed mode, tiered, compressed oops, compressed class ptrs, g1 gc, windows-amd64)
# No core dump will be written. Minidumps are not enabled by default on client versions of Windows
#

---------------  S U M M A R Y ------------

Command Line: -Dfile.encoding=UTF-8 -Dstdout.encoding=UTF-8 -Dstderr.encoding=UTF-8 -XX:+ShowCodeDetailsInExceptionMessages Vtigerrunningclass.Ctreating_org_without_hardcoding

Host: Intel(R) Core(TM) i3-7130U CPU @ 2.70GHz, 4 cores, 3G,  Windows 10 , 64 bit Build 19041 (10.0.19041.2546)
Time: Sat Apr 20 19:35:52 2024 India Standard Time elapsed time: 26.867460 seconds (0d 0h 0m 26s)

---------------  T H R E A D  ---------------

Current thread (0x00000151518eba20):  JavaThread "C2 CompilerThread0" daemon [_thread_in_native, id=9420, stack(0x00000001e4200000,0x00000001e4300000)]


Current CompileTask:
C2:  26867 1316       4       java.util.HashSet::add (20 bytes)

Stack: [0x00000001e4200000,0x00000001e4300000]
Native frames: (J=compiled Java code, j=interpreted, Vv=VM code, C=native code)
V  [jvm.dll+0x67d2c9]
V  [jvm.dll+0x834afa]
V  [jvm.dll+0x8365be]
V  [jvm.dll+0x836c23]
V  [jvm.dll+0x2477ff]
V  [jvm.dll+0xac514]
V  [jvm.dll+0xacb5c]
V  [jvm.dll+0x3667d7]
V  [jvm.dll+0x330bfa]
V  [jvm.dll+0x33009a]
V  [jvm.dll+0x219ef1]
V  [jvm.dll+0x219311]
V  [jvm.dll+0x1a502d]
V  [jvm.dll+0x2290de]
V  [jvm.dll+0x2272ac]
V  [jvm.dll+0x7e9bb7]
V  [jvm.dll+0x7e3fba]
V  [jvm.dll+0x67c1b5]
C  [ucrtbase.dll+0x21bb2]
C  [KERNEL32.DLL+0x17614]
C  [ntdll.dll+0x526a1]


---------------  P R O C E S S  ---------------

Threads class SMR info:
_java_thread_list=0x00000151567a0f20, length=13, elements={
0x00000151385acff0, 0x000001513a89e670, 0x000001515189c5f0, 0x00000151518e2010,
0x00000151518e38f0, 0x00000151518e6110, 0x00000151518e9ee0, 0x00000151518eba20,
0x00000151518ec420, 0x00000151518f15e0, 0x0000015151b5bbe0, 0x0000015151b7fc00,
0x00000151562bf080
}

Java Threads: ( => current thread )
  0x00000151385acff0 JavaThread "main" [_thread_in_native, id=11288, stack(0x00000001e3500000,0x00000001e3600000)]
  0x000001513a89e670 JavaThread "Reference Handler" daemon [_thread_blocked, id=9520, stack(0x00000001e3c00000,0x00000001e3d00000)]
  0x000001515189c5f0 JavaThread "Finalizer" daemon [_thread_blocked, id=11812, stack(0x00000001e3d00000,0x00000001e3e00000)]
  0x00000151518e2010 JavaThread "Signal Dispatcher" daemon [_thread_blocked, id=15972, stack(0x00000001e3e00000,0x00000001e3f00000)]
  0x00000151518e38f0 JavaThread "Attach Listener" daemon [_thread_blocked, id=10412, stack(0x00000001e3f00000,0x00000001e4000000)]
  0x00000151518e6110 JavaThread "Service Thread" daemon [_thread_blocked, id=9668, stack(0x00000001e4000000,0x00000001e4100000)]
  0x00000151518e9ee0 JavaThread "Monitor Deflation Thread" daemon [_thread_blocked, id=17932, stack(0x00000001e4100000,0x00000001e4200000)]
=>0x00000151518eba20 JavaThread "C2 CompilerThread0" daemon [_thread_in_native, id=9420, stack(0x00000001e4200000,0x00000001e4300000)]
  0x00000151518ec420 JavaThread "C1 CompilerThread0" daemon [_thread_blocked, id=17208, stack(0x00000001e4300000,0x00000001e4400000)]
  0x00000151518f15e0 JavaThread "Sweeper thread" daemon [_thread_blocked, id=2692, stack(0x00000001e4400000,0x00000001e4500000)]
  0x0000015151b5bbe0 JavaThread "Notification Thread" daemon [_thread_blocked, id=15060, stack(0x00000001e4500000,0x00000001e4600000)]
  0x0000015151b7fc00 JavaThread "Common-Cleaner" daemon [_thread_blocked, id=8360, stack(0x00000001e4700000,0x00000001e4800000)]
  0x00000151562bf080 JavaThread "C2 CompilerThread1" daemon [_thread_blocked, id=8880, stack(0x00000001e4c00000,0x00000001e4d00000)]

Other Threads:
  0x000001513a89d650 VMThread "VM Thread" [stack: 0x00000001e3b00000,0x00000001e3c00000] [id=7332]
  0x0000015151b660f0 WatcherThread [stack: 0x00000001e4600000,0x00000001e4700000] [id=17008]
  0x000001513a81ddc0 GCTaskThread "GC Thread#0" [stack: 0x00000001e3600000,0x00000001e3700000] [id=8740]
  0x00000151565fe0b0 GCTaskThread "GC Thread#1" [stack: 0x00000001e4800000,0x00000001e4900000] [id=13016]
  0x0000015156631d80 GCTaskThread "GC Thread#2" [stack: 0x00000001e4900000,0x00000001e4a00000] [id=244]
  0x0000015156632040 GCTaskThread "GC Thread#3" [stack: 0x00000001e4a00000,0x00000001e4b00000] [id=15008]
  0x000001513a8269d0 ConcurrentGCThread "G1 Main Marker" [stack: 0x00000001e3700000,0x00000001e3800000] [id=16212]
  0x000001513a827b90 ConcurrentGCThread "G1 Conc#0" [stack: 0x00000001e3800000,0x00000001e3900000] [id=17688]
  0x000001513a876280 ConcurrentGCThread "G1 Refine#0" [stack: 0x00000001e3900000,0x00000001e3a00000] [id=4320]
  0x000001513a876cb0 ConcurrentGCThread "G1 Service" [stack: 0x00000001e3a00000,0x00000001e3b00000] [id=11912]

Threads with active compile tasks:
C2 CompilerThread0    29571 1316       4       java.util.HashSet::add (20 bytes)

VM state: not at safepoint (normal execution)

VM Mutex/Monitor currently owned by a thread: None

Heap address: 0x00000000c1a00000, size: 998 MB, Compressed Oops mode: 32-bit

CDS archive(s) not mapped
Compressed class space mapped at: 0x0000000100000000-0x0000000140000000, reserved size: 1073741824
Narrow klass base: 0x0000000000000000, Narrow klass shift: 3, Narrow klass range: 0x140000000

GC Precious Log:
 CPUs: 4 total, 4 available
 Memory: 3990M
 Large Page Support: Disabled
 NUMA Support: Disabled
 Compressed Oops: Enabled (32-bit)
 Heap Region Size: 1M
 Heap Min Capacity: 8M
 Heap Initial Capacity: 64M
 Heap Max Capacity: 998M
 Pre-touch: Disabled
 Parallel Workers: 4
 Concurrent Workers: 1
 Concurrent Refinement Workers: 4
 Periodic GC: Disabled

Heap:
 garbage-first heap   total 65536K, used 15125K [0x00000000c1a00000, 0x0000000100000000)
  region size 1024K, 11 young (11264K), 2 survivors (2048K)
 Metaspace       used 18731K, committed 18944K, reserved 1114112K
  class space    used 1874K, committed 1984K, reserved 1048576K

Heap Regions: E=young(eden), S=young(survivor), O=old, HS=humongous(starts), HC=humongous(continues), CS=collection set, F=free, OA=open archive, CA=closed archive, TAMS=top-at-mark-start (previous, next)
|   0|0x00000000c1a00000, 0x00000000c1b00000, 0x00000000c1b00000|100%| O|  |TAMS 0x00000000c1a00000, 0x00000000c1a00000| Untracked 
|   1|0x00000000c1b00000, 0x00000000c1c00000, 0x00000000c1c00000|100%| O|  |TAMS 0x00000000c1b00000, 0x00000000c1b00000| Untracked 
|   2|0x00000000c1c00000, 0x00000000c1d00000, 0x00000000c1d00000|100%| O|  |TAMS 0x00000000c1c00000, 0x00000000c1c00000| Untracked 
|   3|0x00000000c1d00000, 0x00000000c1e00000, 0x00000000c1e00000|100%| O|  |TAMS 0x00000000c1d00000, 0x00000000c1d00000| Untracked 
|   4|0x00000000c1e00000, 0x00000000c1f00000, 0x00000000c1f00000|100%| O|  |TAMS 0x00000000c1e00000, 0x00000000c1e00000| Untracked 
|   5|0x00000000c1f00000, 0x00000000c1fc5400, 0x00000000c2000000| 77%| O|  |TAMS 0x00000000c1f00000, 0x00000000c1f00000| Untracked 
|   6|0x00000000c2000000, 0x00000000c2000000, 0x00000000c2100000|  0%| F|  |TAMS 0x00000000c2000000, 0x00000000c2000000| Untracked 
|   7|0x00000000c2100000, 0x00000000c2100000, 0x00000000c2200000|  0%| F|  |TAMS 0x00000000c2100000, 0x00000000c2100000| Untracked 
|   8|0x00000000c2200000, 0x00000000c2200000, 0x00000000c2300000|  0%| F|  |TAMS 0x00000000c2200000, 0x00000000c2200000| Untracked 
|   9|0x00000000c2300000, 0x00000000c2300000, 0x00000000c2400000|  0%| F|  |TAMS 0x00000000c2300000, 0x00000000c2300000| Untracked 
|  10|0x00000000c2400000, 0x00000000c2400000, 0x00000000c2500000|  0%| F|  |TAMS 0x00000000c2400000, 0x00000000c2400000| Untracked 
|  11|0x00000000c2500000, 0x00000000c2500000, 0x00000000c2600000|  0%| F|  |TAMS 0x00000000c2500000, 0x00000000c2500000| Untracked 
|  12|0x00000000c2600000, 0x00000000c2600000, 0x00000000c2700000|  0%| F|  |TAMS 0x00000000c2600000, 0x00000000c2600000| Untracked 
|  13|0x00000000c2700000, 0x00000000c2700000, 0x00000000c2800000|  0%| F|  |TAMS 0x00000000c2700000, 0x00000000c2700000| Untracked 
|  14|0x00000000c2800000, 0x00000000c2800000, 0x00000000c2900000|  0%| F|  |TAMS 0x00000000c2800000, 0x00000000c2800000| Untracked 
|  15|0x00000000c2900000, 0x00000000c2900000, 0x00000000c2a00000|  0%| F|  |TAMS 0x00000000c2900000, 0x00000000c2900000| Untracked 
|  16|0x00000000c2a00000, 0x00000000c2a00000, 0x00000000c2b00000|  0%| F|  |TAMS 0x00000000c2a00000, 0x00000000c2a00000| Untracked 
|  17|0x00000000c2b00000, 0x00000000c2b00000, 0x00000000c2c00000|  0%| F|  |TAMS 0x00000000c2b00000, 0x00000000c2b00000| Untracked 
|  18|0x00000000c2c00000, 0x00000000c2c00000, 0x00000000c2d00000|  0%| F|  |TAMS 0x00000000c2c00000, 0x00000000c2c00000| Untracked 
|  19|0x00000000c2d00000, 0x00000000c2d00000, 0x00000000c2e00000|  0%| F|  |TAMS 0x00000000c2d00000, 0x00000000c2d00000| Untracked 
|  20|0x00000000c2e00000, 0x00000000c2e00000, 0x00000000c2f00000|  0%| F|  |TAMS 0x00000000c2e00000, 0x00000000c2e00000| Untracked 
|  21|0x00000000c2f00000, 0x00000000c2f00000, 0x00000000c3000000|  0%| F|  |TAMS 0x00000000c2f00000, 0x00000000c2f00000| Untracked 
|  22|0x00000000c3000000, 0x00000000c3000000, 0x00000000c3100000|  0%| F|  |TAMS 0x00000000c3000000, 0x00000000c3000000| Untracked 
|  23|0x00000000c3100000, 0x00000000c3100000, 0x00000000c3200000|  0%| F|  |TAMS 0x00000000c3100000, 0x00000000c3100000| Untracked 
|  24|0x00000000c3200000, 0x00000000c3200000, 0x00000000c3300000|  0%| F|  |TAMS 0x00000000c3200000, 0x00000000c3200000| Untracked 
|  25|0x00000000c3300000, 0x00000000c3300000, 0x00000000c3400000|  0%| F|  |TAMS 0x00000000c3300000, 0x00000000c3300000| Untracked 
|  26|0x00000000c3400000, 0x00000000c3400000, 0x00000000c3500000|  0%| F|  |TAMS 0x00000000c3400000, 0x00000000c3400000| Untracked 
|  27|0x00000000c3500000, 0x00000000c3500000, 0x00000000c3600000|  0%| F|  |TAMS 0x00000000c3500000, 0x00000000c3500000| Untracked 
|  28|0x00000000c3600000, 0x00000000c3600000, 0x00000000c3700000|  0%| F|  |TAMS 0x00000000c3600000, 0x00000000c3600000| Untracked 
|  29|0x00000000c3700000, 0x00000000c3700000, 0x00000000c3800000|  0%| F|  |TAMS 0x00000000c3700000, 0x00000000c3700000| Untracked 
|  30|0x00000000c3800000, 0x00000000c3800000, 0x00000000c3900000|  0%| F|  |TAMS 0x00000000c3800000, 0x00000000c3800000| Untracked 
|  31|0x00000000c3900000, 0x00000000c3900000, 0x00000000c3a00000|  0%| F|  |TAMS 0x00000000c3900000, 0x00000000c3900000| Untracked 
|  32|0x00000000c3a00000, 0x00000000c3a00000, 0x00000000c3b00000|  0%| F|  |TAMS 0x00000000c3a00000, 0x00000000c3a00000| Untracked 
|  33|0x00000000c3b00000, 0x00000000c3b00000, 0x00000000c3c00000|  0%| F|  |TAMS 0x00000000c3b00000, 0x00000000c3b00000| Untracked 
|  34|0x00000000c3c00000, 0x00000000c3c00000, 0x00000000c3d00000|  0%| F|  |TAMS 0x00000000c3c00000, 0x00000000c3c00000| Untracked 
|  35|0x00000000c3d00000, 0x00000000c3d00000, 0x00000000c3e00000|  0%| F|  |TAMS 0x00000000c3d00000, 0x00000000c3d00000| Untracked 
|  36|0x00000000c3e00000, 0x00000000c3e00000, 0x00000000c3f00000|  0%| F|  |TAMS 0x00000000c3e00000, 0x00000000c3e00000| Untracked 
|  37|0x00000000c3f00000, 0x00000000c3f00000, 0x00000000c4000000|  0%| F|  |TAMS 0x00000000c3f00000, 0x00000000c3f00000| Untracked 
|  38|0x00000000c4000000, 0x00000000c4000000, 0x00000000c4100000|  0%| F|  |TAMS 0x00000000c4000000, 0x00000000c4000000| Untracked 
|  39|0x00000000c4100000, 0x00000000c4100000, 0x00000000c4200000|  0%| F|  |TAMS 0x00000000c4100000, 0x00000000c4100000| Untracked 
|  40|0x00000000c4200000, 0x00000000c4200000, 0x00000000c4300000|  0%| F|  |TAMS 0x00000000c4200000, 0x00000000c4200000| Untracked 
|  41|0x00000000c4300000, 0x00000000c4300000, 0x00000000c4400000|  0%| F|  |TAMS 0x00000000c4300000, 0x00000000c4300000| Untracked 
|  42|0x00000000c4400000, 0x00000000c4400000, 0x00000000c4500000|  0%| F|  |TAMS 0x00000000c4400000, 0x00000000c4400000| Untracked 
|  43|0x00000000c4500000, 0x00000000c4500000, 0x00000000c4600000|  0%| F|  |TAMS 0x00000000c4500000, 0x00000000c4500000| Untracked 
|  44|0x00000000c4600000, 0x00000000c4600000, 0x00000000c4700000|  0%| F|  |TAMS 0x00000000c4600000, 0x00000000c4600000| Untracked 
|  45|0x00000000c4700000, 0x00000000c4700000, 0x00000000c4800000|  0%| F|  |TAMS 0x00000000c4700000, 0x00000000c4700000| Untracked 
|  46|0x00000000c4800000, 0x00000000c4800000, 0x00000000c4900000|  0%| F|  |TAMS 0x00000000c4800000, 0x00000000c4800000| Untracked 
|  47|0x00000000c4900000, 0x00000000c4900000, 0x00000000c4a00000|  0%| F|  |TAMS 0x00000000c4900000, 0x00000000c4900000| Untracked 
|  48|0x00000000c4a00000, 0x00000000c4a00000, 0x00000000c4b00000|  0%| F|  |TAMS 0x00000000c4a00000, 0x00000000c4a00000| Untracked 
|  49|0x00000000c4b00000, 0x00000000c4b00000, 0x00000000c4c00000|  0%| F|  |TAMS 0x00000000c4b00000, 0x00000000c4b00000| Untracked 
|  50|0x00000000c4c00000, 0x00000000c4c00000, 0x00000000c4d00000|  0%| F|  |TAMS 0x00000000c4c00000, 0x00000000c4c00000| Untracked 
|  51|0x00000000c4d00000, 0x00000000c4d00000, 0x00000000c4e00000|  0%| F|  |TAMS 0x00000000c4d00000, 0x00000000c4d00000| Untracked 
|  52|0x00000000c4e00000, 0x00000000c4f00000, 0x00000000c4f00000|100%| S|CS|TAMS 0x00000000c4e00000, 0x00000000c4e00000| Complete 
|  53|0x00000000c4f00000, 0x00000000c5000000, 0x00000000c5000000|100%| S|CS|TAMS 0x00000000c4f00000, 0x00000000c4f00000| Complete 
|  54|0x00000000c5000000, 0x00000000c5000000, 0x00000000c5100000|  0%| F|  |TAMS 0x00000000c5000000, 0x00000000c5000000| Untracked 
|  55|0x00000000c5100000, 0x00000000c516a0a0, 0x00000000c5200000| 41%| E|  |TAMS 0x00000000c5100000, 0x00000000c5100000| Complete 
|  56|0x00000000c5200000, 0x00000000c5300000, 0x00000000c5300000|100%| E|CS|TAMS 0x00000000c5200000, 0x00000000c5200000| Complete 
|  57|0x00000000c5300000, 0x00000000c5400000, 0x00000000c5400000|100%| E|CS|TAMS 0x00000000c5300000, 0x00000000c5300000| Complete 
|  58|0x00000000c5400000, 0x00000000c5500000, 0x00000000c5500000|100%| E|CS|TAMS 0x00000000c5400000, 0x00000000c5400000| Complete 
|  59|0x00000000c5500000, 0x00000000c5600000, 0x00000000c5600000|100%| E|  |TAMS 0x00000000c5500000, 0x00000000c5500000| Complete 
|  60|0x00000000c5600000, 0x00000000c5700000, 0x00000000c5700000|100%| E|CS|TAMS 0x00000000c5600000, 0x00000000c5600000| Complete 
|  61|0x00000000c5700000, 0x00000000c5800000, 0x00000000c5800000|100%| E|CS|TAMS 0x00000000c5700000, 0x00000000c5700000| Complete 
|  62|0x00000000c5800000, 0x00000000c5900000, 0x00000000c5900000|100%| E|CS|TAMS 0x00000000c5800000, 0x00000000c5800000| Complete 
|  63|0x00000000c5900000, 0x00000000c5a00000, 0x00000000c5a00000|100%| E|CS|TAMS 0x00000000c5900000, 0x00000000c5900000| Complete 

Card table byte_map: [0x000001514d0b0000,0x000001514d2b0000] _byte_map_base: 0x000001514caa3000

Marking Bits (Prev, Next): (CMBitMap*) 0x000001513a81e3e0, (CMBitMap*) 0x000001513a81e420
 Prev Bits: [0x000001514d4b0000, 0x000001514e448000)
 Next Bits: [0x000001514e450000, 0x000001514f3e8000)

Polling page: 0x0000015138710000

Metaspace:

Usage:
  Non-class:     16.46 MB used.
      Class:      1.83 MB used.
       Both:     18.29 MB used.

Virtual space:
  Non-class space:       64.00 MB reserved,      16.56 MB ( 26%) committed,  1 nodes.
      Class space:        1.00 GB reserved,       1.94 MB ( <1%) committed,  1 nodes.
             Both:        1.06 GB reserved,      18.50 MB (  2%) committed. 

Chunk freelists:
   Non-Class:  14.76 MB
       Class:  14.03 MB
        Both:  28.79 MB

MaxMetaspaceSize: unlimited
CompressedClassSpaceSize: 1.00 GB
Initial GC threshold: 21.00 MB
Current GC threshold: 21.00 MB
CDS: off
MetaspaceReclaimPolicy: balanced
 - commit_granule_bytes: 65536.
 - commit_granule_words: 8192.
 - virtual_space_node_default_size: 8388608.
 - enlarge_chunks_in_place: 1.
 - new_chunks_are_fully_committed: 0.
 - uncommit_free_chunks: 1.
 - use_allocation_guard: 0.
 - handle_deallocations: 1.


Internal statistics:

num_allocs_failed_limit: 0.
num_arena_births: 56.
num_arena_deaths: 0.
num_vsnodes_births: 2.
num_vsnodes_deaths: 0.
num_space_committed: 296.
num_space_uncommitted: 0.
num_chunks_returned_to_freelist: 0.
num_chunks_taken_from_freelist: 239.
num_chunk_merges: 0.
num_chunk_splits: 137.
num_chunks_enlarged: 87.
num_inconsistent_stats: 0.

CodeHeap 'non-profiled nmethods': size=120000Kb used=538Kb max_used=538Kb free=119461Kb
 bounds [0x0000015145980000, 0x0000015145bf0000, 0x000001514ceb0000]
CodeHeap 'profiled nmethods': size=120000Kb used=2579Kb max_used=2579Kb free=117420Kb
 bounds [0x000001513deb0000, 0x000001513e140000, 0x00000151453e0000]
CodeHeap 'non-nmethods': size=5760Kb used=1196Kb max_used=1221Kb free=4563Kb
 bounds [0x00000151453e0000, 0x0000015145650000, 0x0000015145980000]
 total_blobs=1960 nmethods=1467 adapters=406
 compilation: enabled
              stopped_count=0, restarted_count=0
 full_count=0

Compilation events (20 events):
Event: 23.765 Thread 0x00000151518ec420 nmethod 1358 0x000001513e0f4510 code [0x000001513e0f46e0, 0x000001513e0f5428]
Event: 23.765 Thread 0x00000151518ec420 1359       3       sun.security.util.math.intpoly.IntegerPolynomial::conditionalAssign (46 bytes)
Event: 23.766 Thread 0x00000151518ec420 nmethod 1359 0x000001513e0f5790 code [0x000001513e0f5940, 0x000001513e0f5b38]
Event: 23.766 Thread 0x00000151518ec420 1360       3       sun.security.util.math.intpoly.IntegerPolynomial$MutableElement::conditionalSet (26 bytes)
Event: 23.766 Thread 0x00000151518ec420 nmethod 1360 0x000001513e0f5c90 code [0x000001513e0f5e40, 0x000001513e0f6088]
Event: 23.766 Thread 0x00000151518ec420 1361       3       sun.security.util.math.intpoly.IntegerPolynomialP256::reduce (40 bytes)
Event: 23.766 Thread 0x00000151518ec420 nmethod 1361 0x000001513e0f6190 code [0x000001513e0f6340, 0x000001513e0f6648]
Event: 23.766 Thread 0x00000151518ec420 1362       3       sun.security.util.math.intpoly.IntegerPolynomialP256::carryReduce (454 bytes)
Event: 23.767 Thread 0x00000151518ec420 nmethod 1362 0x000001513e0f6810 code [0x000001513e0f69c0, 0x000001513e0f6eb8]
Event: 23.767 Thread 0x00000151518ec420 1363       3       sun.security.util.math.intpoly.IntegerPolynomial$MutableElement::setReduced (5 bytes)
Event: 23.768 Thread 0x00000151518ec420 nmethod 1363 0x000001513e0f7110 code [0x000001513e0f72c0, 0x000001513e0f7508]
Event: 23.768 Thread 0x00000151518ec420 1364       3       sun.security.util.math.intpoly.IntegerPolynomial$MutableElement::setReduced (18 bytes)
Event: 23.768 Thread 0x00000151518ec420 nmethod 1364 0x000001513e0f7610 code [0x000001513e0f77c0, 0x000001513e0f79a8]
Event: 23.768 Thread 0x00000151518ec420 1365       3       sun.security.ec.point.ProjectivePoint$Mutable::conditionalSet (29 bytes)
Event: 23.768 Thread 0x00000151518ec420 nmethod 1365 0x000001513e0f7a90 code [0x000001513e0f7c60, 0x000001513e0f8058]
Event: 23.768 Thread 0x00000151518ec420 1366       3       sun.security.ec.point.ProjectivePoint$Mutable::conditionalSet (53 bytes)
Event: 23.769 Thread 0x00000151518ec420 nmethod 1366 0x000001513e0f8190 code [0x000001513e0f83c0, 0x000001513e0f8dc8]
Event: 23.769 Thread 0x00000151518ec420 1368       3       sun.security.util.math.intpoly.IntegerPolynomialP256::square (613 bytes)
Event: 23.770 Thread 0x00000151518ec420 nmethod 1368 0x000001513e0f9190 code [0x000001513e0f9340, 0x000001513e0f9bc8]
Event: 23.772 Thread 0x00000151518ec420 1372       3       sun.security.ec.ECOperations::setDouble (559 bytes)

GC Heap History (4 events):
Event: 6.264 GC heap before
{Heap before GC invocations=0 (full 0):
 garbage-first heap   total 65536K, used 12288K [0x00000000c1a00000, 0x0000000100000000)
  region size 1024K, 13 young (13312K), 0 survivors (0K)
 Metaspace       used 9422K, committed 9600K, reserved 1114112K
  class space    used 826K, committed 896K, reserved 1048576K
}
Event: 6.270 GC heap after
{Heap after GC invocations=1 (full 0):
 garbage-first heap   total 65536K, used 5475K [0x00000000c1a00000, 0x0000000100000000)
  region size 1024K, 2 young (2048K), 2 survivors (2048K)
 Metaspace       used 9422K, committed 9600K, reserved 1114112K
  class space    used 826K, committed 896K, reserved 1048576K
}
Event: 12.260 GC heap before
{Heap before GC invocations=1 (full 0):
 garbage-first heap   total 65536K, used 15715K [0x00000000c1a00000, 0x0000000100000000)
  region size 1024K, 12 young (12288K), 2 survivors (2048K)
 Metaspace       used 13507K, committed 13632K, reserved 1114112K
  class space    used 1257K, committed 1344K, reserved 1048576K
}
Event: 12.284 GC heap after
{Heap after GC invocations=2 (full 0):
 garbage-first heap   total 65536K, used 7957K [0x00000000c1a00000, 0x0000000100000000)
  region size 1024K, 2 young (2048K), 2 survivors (2048K)
 Metaspace       used 13507K, committed 13632K, reserved 1114112K
  class space    used 1257K, committed 1344K, reserved 1048576K
}

Dll operation events (8 events):
Event: 1.467 Loaded shared library C:\Users\DELL\.p2\pool\plugins\org.eclipse.justj.openjdk.hotspot.jre.full.win32.x86_64_17.0.10.v20240120-1143\jre\bin\java.dll
Event: 3.970 Loaded shared library C:\Users\DELL\.p2\pool\plugins\org.eclipse.justj.openjdk.hotspot.jre.full.win32.x86_64_17.0.10.v20240120-1143\jre\bin\net.dll
Event: 3.978 Loaded shared library C:\Users\DELL\.p2\pool\plugins\org.eclipse.justj.openjdk.hotspot.jre.full.win32.x86_64_17.0.10.v20240120-1143\jre\bin\nio.dll
Event: 4.022 Loaded shared library C:\Users\DELL\.p2\pool\plugins\org.eclipse.justj.openjdk.hotspot.jre.full.win32.x86_64_17.0.10.v20240120-1143\jre\bin\zip.dll
Event: 4.472 Loaded shared library C:\Users\DELL\.p2\pool\plugins\org.eclipse.justj.openjdk.hotspot.jre.full.win32.x86_64_17.0.10.v20240120-1143\jre\bin\jimage.dll
Event: 5.914 Loaded shared library C:\Users\DELL\.p2\pool\plugins\org.eclipse.justj.openjdk.hotspot.jre.full.win32.x86_64_17.0.10.v20240120-1143\jre\bin\sunmscapi.dll
Event: 11.915 Loaded shared library C:\Users\DELL\.p2\pool\plugins\org.eclipse.justj.openjdk.hotspot.jre.full.win32.x86_64_17.0.10.v20240120-1143\jre\bin\verify.dll
Event: 15.262 Loaded shared library C:\Users\DELL\.p2\pool\plugins\org.eclipse.justj.openjdk.hotspot.jre.full.win32.x86_64_17.0.10.v20240120-1143\jre\bin\extnet.dll

Deoptimization events (20 events):
Event: 15.267 Thread 0x00000151385acff0 Uncommon trap: trap_request=0xffffffde fr.pc=0x00000151459ede00 relative=0x00000000000000e0
Event: 15.267 Thread 0x00000151385acff0 Uncommon trap: reason=class_check action=maybe_recompile pc=0x00000151459ede00 method=java.util.Collections$UnmodifiableCollection$1.next()Ljava/lang/Object; @ 4 c2
Event: 15.267 Thread 0x00000151385acff0 DEOPT PACKING pc=0x00000151459ede00 sp=0x00000001e35fc780
Event: 15.267 Thread 0x00000151385acff0 DEOPT UNPACKING pc=0x00000151454369a3 sp=0x00000001e35fc730 mode 2
Event: 15.267 Thread 0x00000151385acff0 Uncommon trap: trap_request=0xffffffde fr.pc=0x00000151459eda28 relative=0x0000000000000088
Event: 15.267 Thread 0x00000151385acff0 Uncommon trap: reason=class_check action=maybe_recompile pc=0x00000151459eda28 method=java.util.Collections$UnmodifiableCollection$1.hasNext()Z @ 4 c2
Event: 15.267 Thread 0x00000151385acff0 DEOPT PACKING pc=0x00000151459eda28 sp=0x00000001e35fc7a0
Event: 15.267 Thread 0x00000151385acff0 DEOPT UNPACKING pc=0x00000151454369a3 sp=0x00000001e35fc730 mode 2
Event: 15.342 Thread 0x00000151385acff0 Uncommon trap: trap_request=0xffffff45 fr.pc=0x00000151459bc304 relative=0x0000000000000184
Event: 15.342 Thread 0x00000151385acff0 Uncommon trap: reason=unstable_if action=reinterpret pc=0x00000151459bc304 method=java.util.HashMap.putVal(ILjava/lang/Object;Ljava/lang/Object;ZZ)Ljava/lang/Object; @ 162 c2
Event: 15.342 Thread 0x00000151385acff0 DEOPT PACKING pc=0x00000151459bc304 sp=0x00000001e35fa9e0
Event: 15.342 Thread 0x00000151385acff0 DEOPT UNPACKING pc=0x00000151454369a3 sp=0x00000001e35fa970 mode 2
Event: 19.490 Thread 0x00000151385acff0 Uncommon trap: trap_request=0xffffff45 fr.pc=0x00000151459f4354 relative=0x00000000000001d4
Event: 19.490 Thread 0x00000151385acff0 Uncommon trap: reason=unstable_if action=reinterpret pc=0x00000151459f4354 method=java.io.ByteArrayInputStream.read()I @ 8 c2
Event: 19.490 Thread 0x00000151385acff0 DEOPT PACKING pc=0x00000151459f4354 sp=0x00000001e35fc210
Event: 19.490 Thread 0x00000151385acff0 DEOPT UNPACKING pc=0x00000151454369a3 sp=0x00000001e35fc1c8 mode 2
Event: 20.535 Thread 0x00000151385acff0 Uncommon trap: trap_request=0xffffffde fr.pc=0x00000151459ede00 relative=0x00000000000000e0
Event: 20.535 Thread 0x00000151385acff0 Uncommon trap: reason=class_check action=maybe_recompile pc=0x00000151459ede00 method=java.util.Collections$UnmodifiableCollection$1.next()Ljava/lang/Object; @ 4 c2
Event: 20.535 Thread 0x00000151385acff0 DEOPT PACKING pc=0x00000151459ede00 sp=0x00000001e35fdd60
Event: 20.535 Thread 0x00000151385acff0 DEOPT UNPACKING pc=0x00000151454369a3 sp=0x00000001e35fdd10 mode 2

Classes unloaded (0 events):
No events

Classes redefined (0 events):
No events

Internal exceptions (15 events):
Event: 4.957 Thread 0x00000151385acff0 Exception <a 'java/lang/NoSuchMethodError'{0x00000000c5240750}: 'int java.lang.invoke.DirectMethodHandle$Holder.invokeSpecial(java.lang.Object, java.lang.Object, java.lang.Object)'> (0x00000000c5240750) 
thrown [s\src\hotspot\share\interpreter\linkResolver.cpp, line 759]
Event: 6.323 Thread 0x00000151385acff0 Exception <a 'sun/nio/fs/WindowsException'{0x00000000c58f02d8}> (0x00000000c58f02d8) 
thrown [s\src\hotspot\share\prims\jni.cpp, line 516]
Event: 6.373 Thread 0x00000151385acff0 Exception <a 'java/lang/NoSuchMethodError'{0x00000000c571af70}: 'int java.lang.invoke.DirectMethodHandle$Holder.invokeStaticInit(java.lang.Object, java.lang.Object, java.lang.Object, java.lang.Object)'> (0x00000000c571af70) 
thrown [s\src\hotspot\share\interpreter\linkResolver.cpp, line 759]
Event: 6.376 Thread 0x00000151385acff0 Exception <a 'java/lang/NoSuchMethodError'{0x00000000c5724c48}: 'java.lang.Object java.lang.invoke.DirectMethodHandle$Holder.invokeInterface(java.lang.Object, java.lang.Object)'> (0x00000000c5724c48) 
thrown [s\src\hotspot\share\interpreter\linkResolver.cpp, line 759]
Event: 6.377 Thread 0x00000151385acff0 Exception <a 'java/lang/IncompatibleClassChangeError'{0x00000000c5728568}: Found class java.lang.Object, but interface was expected> (0x00000000c5728568) 
thrown [s\src\hotspot\share\interpreter\linkResolver.cpp, line 826]
Event: 6.378 Thread 0x00000151385acff0 Exception <a 'java/lang/NoSuchMethodError'{0x00000000c572b898}: 'void java.lang.invoke.DirectMethodHandle$Holder.invokeStatic(java.lang.Object, java.lang.Object)'> (0x00000000c572b898) 
thrown [s\src\hotspot\share\interpreter\linkResolver.cpp, line 759]
Event: 6.378 Thread 0x00000151385acff0 Exception <a 'java/lang/NoSuchMethodError'{0x00000000c572f1b0}: 'void java.lang.invoke.DirectMethodHandle$Holder.invokeStaticInit(java.lang.Object, java.lang.Object)'> (0x00000000c572f1b0) 
thrown [s\src\hotspot\share\interpreter\linkResolver.cpp, line 759]
Event: 6.381 Thread 0x00000151385acff0 Exception <a 'java/lang/NoSuchMethodError'{0x00000000c5735790}: 'int java.lang.invoke.DirectMethodHandle$Holder.invokeStaticInit(java.lang.Object, java.lang.Object)'> (0x00000000c5735790) 
thrown [s\src\hotspot\share\interpreter\linkResolver.cpp, line 759]
Event: 6.476 Thread 0x00000151385acff0 Exception <a 'java/lang/NoSuchMethodError'{0x00000000c5612c50}: 'java.lang.Object java.lang.invoke.DirectMethodHandle$Holder.invokeStaticInit(java.lang.Object, int, int, int, int)'> (0x00000000c5612c50) 
thrown [s\src\hotspot\share\interpreter\linkResolver.cpp, line 759]
Event: 11.621 Thread 0x00000151385acff0 Exception <a 'java/lang/NoSuchMethodError'{0x00000000c56db640}: 'java.lang.Object java.lang.invoke.DirectMethodHandle$Holder.invokeStaticInit(java.lang.Object, java.lang.Object, int, int, int, int)'> (0x00000000c56db640) 
thrown [s\src\hotspot\share\interpreter\linkResolver.cpp, line 759]
Event: 12.104 Thread 0x00000151385acff0 Exception <a 'java/lang/NoSuchMethodError'{0x00000000c51ba298}: 'java.lang.Object java.lang.invoke.DirectMethodHandle$Holder.invokeVirtual(java.lang.Object, java.lang.Object, java.lang.Object)'> (0x00000000c51ba298) 
thrown [s\src\hotspot\share\interpreter\linkResolver.cpp, line 759]
Event: 12.174 Thread 0x00000151385acff0 Exception <a 'java/lang/NoSuchMethodError'{0x00000000c5088608}: 'int java.lang.invoke.DirectMethodHandle$Holder.invokeStatic(java.lang.Object, java.lang.Object, int)'> (0x00000000c5088608) 
thrown [s\src\hotspot\share\interpreter\linkResolver.cpp, line 759]
Event: 12.543 Thread 0x00000151385acff0 Exception <a 'java/lang/NoSuchMethodError'{0x00000000c576c7e0}: 'java.lang.Object java.lang.invoke.DirectMethodHandle$Holder.invokeVirtual(java.lang.Object, java.lang.Object, java.lang.Object, java.lang.Object)'> (0x00000000c576c7e0) 
thrown [s\src\hotspot\share\interpreter\linkResolver.cpp, line 759]
Event: 12.607 Thread 0x00000151385acff0 Implicit null exception at 0x00000151459bd240 to 0x00000151459bdac0
Event: 14.117 Thread 0x00000151385acff0 Exception <a 'java/lang/NoSuchMethodError'{0x00000000c5697778}: 'java.lang.Object java.lang.invoke.DirectMethodHandle$Holder.invokeStaticInit(java.lang.Object)'> (0x00000000c5697778) 
thrown [s\src\hotspot\share\interpreter\linkResolver.cpp, line 759]

VM Operations (20 events):
Event: 12.425 Executing VM operation: HandshakeAllThreads
Event: 12.425 Executing VM operation: HandshakeAllThreads done
Event: 13.432 Executing VM operation: Cleanup
Event: 13.432 Executing VM operation: Cleanup done
Event: 14.444 Executing VM operation: Cleanup
Event: 14.444 Executing VM operation: Cleanup done
Event: 15.302 Executing VM operation: HandshakeAllThreads
Event: 15.302 Executing VM operation: HandshakeAllThreads done
Event: 16.317 Executing VM operation: Cleanup
Event: 16.317 Executing VM operation: Cleanup done
Event: 19.358 Executing VM operation: Cleanup
Event: 19.452 Executing VM operation: Cleanup done
Event: 20.463 Executing VM operation: Cleanup
Event: 20.526 Executing VM operation: Cleanup done
Event: 21.539 Executing VM operation: Cleanup
Event: 21.616 Executing VM operation: Cleanup done
Event: 22.621 Executing VM operation: Cleanup
Event: 22.699 Executing VM operation: Cleanup done
Event: 24.719 Executing VM operation: Cleanup
Event: 24.719 Executing VM operation: Cleanup done

Events (20 events):
Event: 23.728 loading class sun/security/pkcs/PKCS8Key
Event: 23.730 loading class sun/security/pkcs/PKCS8Key done
Event: 23.731 loading class sun/security/ssl/XDHKeyExchange$1
Event: 23.732 loading class sun/security/ssl/XDHKeyExchange$1 done
Event: 23.732 loading class sun/security/ssl/KeyShareExtension$KeyShareEntry
Event: 23.732 loading class sun/security/ssl/KeyShareExtension$KeyShareEntry done
Event: 23.733 loading class sun/security/ssl/ECDHKeyExchange$ECDHEPossession
Event: 23.733 loading class sun/security/ssl/ECDHKeyExchange$ECDHEPossession done
Event: 23.738 loading class sun/security/util/math/intpoly/IntegerPolynomialP256
Event: 23.739 loading class sun/security/util/math/intpoly/IntegerPolynomialP256 done
Event: 23.740 loading class sun/security/util/math/intpoly/IntegerPolynomialP384
Event: 23.741 loading class sun/security/util/math/intpoly/IntegerPolynomialP384 done
Event: 23.743 loading class sun/security/util/math/intpoly/IntegerPolynomialP521
Event: 23.744 loading class sun/security/util/math/intpoly/IntegerPolynomialP521 done
Event: 23.747 loading class sun/security/util/math/intpoly/P256OrderField
Event: 23.748 loading class sun/security/util/math/intpoly/P256OrderField done
Event: 23.749 loading class sun/security/util/math/intpoly/P384OrderField
Event: 23.750 loading class sun/security/util/math/intpoly/P384OrderField done
Event: 23.752 loading class sun/security/util/math/intpoly/P521OrderField
Event: 23.753 loading class sun/security/util/math/intpoly/P521OrderField done


Dynamic libraries:
0x00007ff7c4e60000 - 0x00007ff7c4e6e000 	C:\Users\DELL\.p2\pool\plugins\org.eclipse.justj.openjdk.hotspot.jre.full.win32.x86_64_17.0.10.v20240120-1143\jre\bin\javaw.exe
0x00007ffab8950000 - 0x00007ffab8b48000 	C:\Windows\SYSTEM32\ntdll.dll
0x00007ffab6f40000 - 0x00007ffab6fff000 	C:\Windows\System32\KERNEL32.DLL
0x00007ffab6340000 - 0x00007ffab6612000 	C:\Windows\System32\KERNELBASE.dll
0x00007ffab61f0000 - 0x00007ffab62f0000 	C:\Windows\System32\ucrtbase.dll
0x00007ffaa6760000 - 0x00007ffaa6777000 	C:\Users\DELL\.p2\pool\plugins\org.eclipse.justj.openjdk.hotspot.jre.full.win32.x86_64_17.0.10.v20240120-1143\jre\bin\jli.dll
0x00007ffab8590000 - 0x00007ffab8731000 	C:\Windows\System32\USER32.dll
0x00007ffab6970000 - 0x00007ffab6992000 	C:\Windows\System32\win32u.dll
0x00007ffab8850000 - 0x00007ffab887b000 	C:\Windows\System32\GDI32.dll
0x00007ffab66d0000 - 0x00007ffab67df000 	C:\Windows\System32\gdi32full.dll
0x00007ffab6150000 - 0x00007ffab61ed000 	C:\Windows\System32\msvcp_win.dll
0x00007ffaa1bf0000 - 0x00007ffaa1c0b000 	C:\Users\DELL\.p2\pool\plugins\org.eclipse.justj.openjdk.hotspot.jre.full.win32.x86_64_17.0.10.v20240120-1143\jre\bin\VCRUNTIME140.dll
0x00007ffaa1cb0000 - 0x00007ffaa1f4a000 	C:\Windows\WinSxS\amd64_microsoft.windows.common-controls_6595b64144ccf1df_6.0.19041.1110_none_60b5254171f9507e\COMCTL32.dll
0x00007ffab7000000 - 0x00007ffab709e000 	C:\Windows\System32\msvcrt.dll
0x00007ffab7340000 - 0x00007ffab7370000 	C:\Windows\System32\IMM32.DLL
0x00007ffaabd60000 - 0x00007ffaabd6c000 	C:\Users\DELL\.p2\pool\plugins\org.eclipse.justj.openjdk.hotspot.jre.full.win32.x86_64_17.0.10.v20240120-1143\jre\bin\vcruntime140_1.dll
0x00007ffa885a0000 - 0x00007ffa8862d000 	C:\Users\DELL\.p2\pool\plugins\org.eclipse.justj.openjdk.hotspot.jre.full.win32.x86_64_17.0.10.v20240120-1143\jre\bin\msvcp140.dll
0x00007ffa39c10000 - 0x00007ffa3a872000 	C:\Users\DELL\.p2\pool\plugins\org.eclipse.justj.openjdk.hotspot.jre.full.win32.x86_64_17.0.10.v20240120-1143\jre\bin\server\jvm.dll
0x00007ffab8740000 - 0x00007ffab87ee000 	C:\Windows\System32\ADVAPI32.dll
0x00007ffab7420000 - 0x00007ffab74bc000 	C:\Windows\System32\sechost.dll
0x00007ffab69a0000 - 0x00007ffab6ac4000 	C:\Windows\System32\RPCRT4.dll
0x00007ffaa7470000 - 0x00007ffaa7497000 	C:\Windows\SYSTEM32\WINMM.dll
0x00007ffab5e10000 - 0x00007ffab5e5b000 	C:\Windows\SYSTEM32\POWRPROF.dll
0x00007ffaa5a50000 - 0x00007ffaa5a59000 	C:\Windows\SYSTEM32\WSOCK32.dll
0x00007ffaac050000 - 0x00007ffaac05a000 	C:\Windows\SYSTEM32\VERSION.dll
0x00007ffab74c0000 - 0x00007ffab752b000 	C:\Windows\System32\WS2_32.dll
0x00007ffab5df0000 - 0x00007ffab5e02000 	C:\Windows\SYSTEM32\UMPDC.dll
0x00007ffab40f0000 - 0x00007ffab4102000 	C:\Windows\SYSTEM32\kernel.appcore.dll
0x00007ffa94180000 - 0x00007ffa9418a000 	C:\Users\DELL\.p2\pool\plugins\org.eclipse.justj.openjdk.hotspot.jre.full.win32.x86_64_17.0.10.v20240120-1143\jre\bin\jimage.dll
0x00007ffab3df0000 - 0x00007ffab3fd4000 	C:\Windows\SYSTEM32\DBGHELP.DLL
0x00007ffa9ad50000 - 0x00007ffa9ad85000 	C:\Windows\SYSTEM32\dbgcore.DLL
0x00007ffab60c0000 - 0x00007ffab6142000 	C:\Windows\System32\bcryptPrimitives.dll
0x00007ffa558a0000 - 0x00007ffa558c5000 	C:\Users\DELL\.p2\pool\plugins\org.eclipse.justj.openjdk.hotspot.jre.full.win32.x86_64_17.0.10.v20240120-1143\jre\bin\java.dll
0x00007ffa39bf0000 - 0x00007ffa39c08000 	C:\Users\DELL\.p2\pool\plugins\org.eclipse.justj.openjdk.hotspot.jre.full.win32.x86_64_17.0.10.v20240120-1143\jre\bin\zip.dll
0x00007ffab7ae0000 - 0x00007ffab8225000 	C:\Windows\System32\SHELL32.dll
0x00007ffab4110000 - 0x00007ffab48a2000 	C:\Windows\SYSTEM32\windows.storage.dll
0x00007ffab8230000 - 0x00007ffab8585000 	C:\Windows\System32\combase.dll
0x00007ffab59d0000 - 0x00007ffab5a00000 	C:\Windows\SYSTEM32\Wldp.dll
0x00007ffab7370000 - 0x00007ffab741d000 	C:\Windows\System32\SHCORE.dll
0x00007ffab7870000 - 0x00007ffab78c5000 	C:\Windows\System32\shlwapi.dll
0x00007ffab5f90000 - 0x00007ffab5faf000 	C:\Windows\SYSTEM32\profapi.dll
0x00007ffa39bd0000 - 0x00007ffa39be9000 	C:\Users\DELL\.p2\pool\plugins\org.eclipse.justj.openjdk.hotspot.jre.full.win32.x86_64_17.0.10.v20240120-1143\jre\bin\net.dll
0x00007ffaa7620000 - 0x00007ffaa772a000 	C:\Windows\SYSTEM32\WINHTTP.dll
0x00007ffab5730000 - 0x00007ffab579a000 	C:\Windows\system32\mswsock.dll
0x00007ffa39bb0000 - 0x00007ffa39bc6000 	C:\Users\DELL\.p2\pool\plugins\org.eclipse.justj.openjdk.hotspot.jre.full.win32.x86_64_17.0.10.v20240120-1143\jre\bin\nio.dll
0x00007ffaa5ae0000 - 0x00007ffaa5aee000 	C:\Users\DELL\.p2\pool\plugins\org.eclipse.justj.openjdk.hotspot.jre.full.win32.x86_64_17.0.10.v20240120-1143\jre\bin\sunmscapi.dll
0x00007ffab6810000 - 0x00007ffab6966000 	C:\Windows\System32\CRYPT32.dll
0x00007ffab5a40000 - 0x00007ffab5a67000 	C:\Windows\SYSTEM32\ncrypt.dll
0x00007ffab5a00000 - 0x00007ffab5a3b000 	C:\Windows\SYSTEM32\NTASN1.dll
0x00007ffab5920000 - 0x00007ffab5938000 	C:\Windows\SYSTEM32\CRYPTSP.dll
0x00007ffab5050000 - 0x00007ffab5084000 	C:\Windows\system32\rsaenh.dll
0x00007ffab67e0000 - 0x00007ffab6807000 	C:\Windows\System32\bcrypt.dll
0x00007ffab5f10000 - 0x00007ffab5f3e000 	C:\Windows\SYSTEM32\USERENV.dll
0x00007ffab5940000 - 0x00007ffab594c000 	C:\Windows\SYSTEM32\CRYPTBASE.dll
0x00007ffab5420000 - 0x00007ffab545b000 	C:\Windows\SYSTEM32\IPHLPAPI.DLL
0x00007ffab7330000 - 0x00007ffab7338000 	C:\Windows\System32\NSI.dll
0x00007ffaa7ca0000 - 0x00007ffaa7cb7000 	C:\Windows\SYSTEM32\dhcpcsvc6.DLL
0x00007ffaa8730000 - 0x00007ffaa874d000 	C:\Windows\SYSTEM32\dhcpcsvc.DLL
0x00007ffab5460000 - 0x00007ffab552b000 	C:\Windows\SYSTEM32\DNSAPI.dll
0x00007ffaa6690000 - 0x00007ffaa66a0000 	C:\Users\DELL\.p2\pool\plugins\org.eclipse.justj.openjdk.hotspot.jre.full.win32.x86_64_17.0.10.v20240120-1143\jre\bin\verify.dll
0x00007ffaa6070000 - 0x00007ffaa607a000 	C:\Windows\System32\rasadhlp.dll
0x00007ffaa6b00000 - 0x00007ffaa6b80000 	C:\Windows\System32\fwpuclnt.dll
0x00007ffaa5ad0000 - 0x00007ffaa5ad9000 	C:\Users\DELL\.p2\pool\plugins\org.eclipse.justj.openjdk.hotspot.jre.full.win32.x86_64_17.0.10.v20240120-1143\jre\bin\extnet.dll

dbghelp: loaded successfully - version: 4.0.5 - missing functions: none
symbol engine: initialized successfully - sym options: 0x614 - pdb path: .;C:\Users\DELL\.p2\pool\plugins\org.eclipse.justj.openjdk.hotspot.jre.full.win32.x86_64_17.0.10.v20240120-1143\jre\bin;C:\Windows\SYSTEM32;C:\Windows\WinSxS\amd64_microsoft.windows.common-controls_6595b64144ccf1df_6.0.19041.1110_none_60b5254171f9507e;C:\Users\DELL\.p2\pool\plugins\org.eclipse.justj.openjdk.hotspot.jre.full.win32.x86_64_17.0.10.v20240120-1143\jre\bin\server

VM Arguments:
jvm_args: -Dfile.encoding=UTF-8 -Dstdout.encoding=UTF-8 -Dstderr.encoding=UTF-8 -XX:+ShowCodeDetailsInExceptionMessages 
java_command: Vtigerrunningclass.Ctreating_org_without_hardcoding
java_class_path (initial): C:\Users\DELL\eclipse-workspace\AdvancedSelenum\target\test-classes;C:\Users\DELL\eclipse-workspace\AdvancedSelenum\target\classes;C:\Users\DELL\.m2\repository\org\seleniumhq\selenium\selenium-java\3.141.59\selenium-java-3.141.59.jar;C:\Users\DELL\.m2\repository\org\seleniumhq\selenium\selenium-api\3.141.59\selenium-api-3.141.59.jar;C:\Users\DELL\.m2\repository\org\seleniumhq\selenium\selenium-chrome-driver\3.141.59\selenium-chrome-driver-3.141.59.jar;C:\Users\DELL\.m2\repository\org\seleniumhq\selenium\selenium-edge-driver\3.141.59\selenium-edge-driver-3.141.59.jar;C:\Users\DELL\.m2\repository\org\seleniumhq\selenium\selenium-firefox-driver\3.141.59\selenium-firefox-driver-3.141.59.jar;C:\Users\DELL\.m2\repository\org\seleniumhq\selenium\selenium-ie-driver\3.141.59\selenium-ie-driver-3.141.59.jar;C:\Users\DELL\.m2\repository\org\seleniumhq\selenium\selenium-opera-driver\3.141.59\selenium-opera-driver-3.141.59.jar;C:\Users\DELL\.m2\repository\org\seleniumhq\selenium\selenium-remote-driver\3.141.59\selenium-remote-driver-3.141.59.jar;C:\Users\DELL\.m2\repository\org\seleniumhq\selenium\selenium-safari-driver\3.141.59\selenium-safari-driver-3.141.59.jar;C:\Users\DELL\.m2\repository\org\seleniumhq\selenium\selenium-support\3.141.59\selenium-support-3.141.59.jar;C:\Users\DELL\.m2\repository\net\bytebuddy\byte-buddy\1.8.15\byte-buddy-1.8.15.jar;C:\Users\DELL\.m2\repository\org\apache\commons\commons-exec\1.3\commons-exec-1.3.jar;C:\Users\DELL\.m2\repository\com\google\guava\guava\25.0-jre\guava-25.0-jre.jar;C:\Users\DELL\.m2\repository\com\google\code\findbugs\jsr305\1.3.9\jsr305-1.3.9.jar;C:\Users\DELL\.m2\repository\org\checkerframework\checker-compat-qual\2.0.0\checker-compat-qual-2.0.0.jar;C:\Users\DELL\.m2\repository\com\google\errorprone\error_prone_annotations\2.1.3\error_prone_annotations-2.1.3.jar;C:\Users\DELL\.m2\repository\com\google\j2objc\j2objc-annotations\1.1\j2objc-annotations-1.1.jar;C:\Users\DELL\.m2\repository\org\codehaus
Launcher Type: SUN_STANDARD

[Global flags]
     intx CICompilerCount                          = 3                                         {product} {ergonomic}
     uint ConcGCThreads                            = 1                                         {product} {ergonomic}
     uint G1ConcRefinementThreads                  = 4                                         {product} {ergonomic}
   size_t G1HeapRegionSize                         = 1048576                                   {product} {ergonomic}
    uintx GCDrainStackTargetSize                   = 64                                        {product} {ergonomic}
   size_t InitialHeapSize                          = 67108864                                  {product} {ergonomic}
   size_t MarkStackSize                            = 4194304                                   {product} {ergonomic}
   size_t MaxHeapSize                              = 1046478848                                {product} {ergonomic}
   size_t MaxNewSize                               = 627048448                                 {product} {ergonomic}
   size_t MinHeapDeltaBytes                        = 1048576                                   {product} {ergonomic}
   size_t MinHeapSize                              = 8388608                                   {product} {ergonomic}
    uintx NonNMethodCodeHeapSize                   = 5832780                                {pd product} {ergonomic}
    uintx NonProfiledCodeHeapSize                  = 122912730                              {pd product} {ergonomic}
    uintx ProfiledCodeHeapSize                     = 122912730                              {pd product} {ergonomic}
    uintx ReservedCodeCacheSize                    = 251658240                              {pd product} {ergonomic}
     bool SegmentedCodeCache                       = true                                      {product} {ergonomic}
     bool ShowCodeDetailsInExceptionMessages       = true                                   {manageable} {command line}
   size_t SoftMaxHeapSize                          = 1046478848                             {manageable} {ergonomic}
     bool UseCompressedClassPointers               = true                           {product lp64_product} {ergonomic}
     bool UseCompressedOops                        = true                           {product lp64_product} {ergonomic}
     bool UseG1GC                                  = true                                      {product} {ergonomic}
     bool UseLargePagesIndividualAllocation        = false                                  {pd product} {ergonomic}

Logging:
Log output configuration:
 #0: stdout all=warning uptime,level,tags
 #1: stderr all=off uptime,level,tags

Environment Variables:
PATH=C:/Users/DELL/.p2/pool/plugins/org.eclipse.justj.openjdk.hotspot.jre.full.win32.x86_64_17.0.10.v20240120-1143/jre/bin/server;C:/Users/DELL/.p2/pool/plugins/org.eclipse.justj.openjdk.hotspot.jre.full.win32.x86_64_17.0.10.v20240120-1143/jre/bin;C:\Windows\system32;C:\Windows;C:\Windows\System32\Wbem;C:\Windows\System32\WindowsPowerShell\v1.0\;C:\Windows\System32\OpenSSH\;C:\Users\DELL\AppData\Local\Microsoft\WindowsApps;;C:\Users\DELL\Desktop;
USERNAME=DELL
OS=Windows_NT
PROCESSOR_IDENTIFIER=Intel64 Family 6 Model 142 Stepping 9, GenuineIntel
TMP=C:\Users\DELL\AppData\Local\Temp
TEMP=C:\Users\DELL\AppData\Local\Temp



Periodic native trim disabled


---------------  S Y S T E M  ---------------

OS:
 Windows 10 , 64 bit Build 19041 (10.0.19041.2546)
OS uptime: 2 days 3:03 hours

CPU: total 4 (initial active 4) (2 cores per cpu, 2 threads per core) family 6 model 142 stepping 9 microcode 0xf0, cx8, cmov, fxsr, ht, mmx, 3dnowpref, sse, sse2, sse3, ssse3, sse4.1, sse4.2, popcnt, lzcnt, tsc, tscinvbit, avx, avx2, aes, erms, clmul, bmi1, bmi2, adx, fma, vzeroupper, clflush, clflushopt
Processor Information for processor 0
  Max Mhz: 2712, Current Mhz: 2712, Mhz Limit: 2712
Processor Information for processor 1
  Max Mhz: 2712, Current Mhz: 2712, Mhz Limit: 2712
Processor Information for processor 2
  Max Mhz: 2712, Current Mhz: 1406, Mhz Limit: 2712
Processor Information for processor 3
  Max Mhz: 2712, Current Mhz: 2712, Mhz Limit: 2712

Memory: 4k page, system-wide physical 3990M (417M free)
TotalPageFile size 12371M (AvailPageFile size 51M)
current process WorkingSet (physical memory assigned to process): 86M, peak: 86M
current process commit charge ("private bytes"): 156M, peak: 156M

vm_info: OpenJDK 64-Bit Server VM (17.0.10+7) for windows-amd64 JRE (17.0.10+7), built on Jan 16 2024 23:25:11 by "admin" with MS VC++ 16.10 / 16.11 (VS2019)

END.
